2025-05-29 13:56:50,057 | INFO | Using class 'bce' from current module: <class 'torch.nn.modules.loss.BCELoss'>, module name: losses.build
2025-05-29 13:56:50,063 | INFO | Using class 'focal_loss' from current module: <class 'losses.focal.FocalLoss'>, module name: losses.build
2025-05-29 13:56:50,064 | INFO | Using class 'ce' from current module: <class 'torch.nn.modules.loss.CrossEntropyLoss'>, module name: losses.build
2025-05-29 13:56:50,066 | INFO | Using class 'bce_with_logits' from current module: <class 'torch.nn.modules.loss.BCEWithLogitsLoss'>, module name: losses.build
2025-05-29 13:56:50,067 | INFO | Using class 'mse' from current module: <class 'torch.nn.modules.loss.MSELoss'>, module name: losses.build
2025-05-29 13:56:50,068 | INFO | Using class 'accuracy' from current module: <class 'metrics.sklearn_wrapper.Accuracy'>, module name: metrics.build
2025-05-29 13:56:50,068 | INFO | Using class 'precision' from current module: <class 'metrics.sklearn_wrapper.Precision'>, module name: metrics.build
2025-05-29 13:56:50,069 | INFO | Using class 'recall' from current module: <class 'metrics.sklearn_wrapper.Recall'>, module name: metrics.build
2025-05-29 13:56:50,070 | INFO | Using class 'f1' from current module: <class 'metrics.sklearn_wrapper.F1Score'>, module name: metrics.build
2025-05-29 13:56:50,070 | INFO | Using class 'map' from current module: <class 'torchmetrics.detection.mean_ap.MeanAveragePrecision'>, module name: metrics.build
2025-05-29 13:56:50,078 | INFO | Using class 'iou' from current module: <class 'torchmetrics.detection.iou.IntersectionOverUnion'>, module name: metrics.build
2025-05-29 13:56:50,079 | INFO | Using class 'mse' from current module: <class 'torchmetrics.regression.mse.MeanSquaredError'>, module name: metrics.build
2025-05-29 13:56:50,082 | INFO | Using class 'mae' from current module: <class 'torchmetrics.regression.mae.MeanAbsoluteError'>, module name: metrics.build
2025-05-29 13:56:50,084 | INFO | Using class 'mape' from current module: <class 'torchmetrics.regression.mape.MeanAbsolutePercentageError'>, module name: metrics.build
2025-05-29 13:56:50,086 | INFO | Using class 'nrmse' from current module: <class 'torchmetrics.regression.nrmse.NormalizedRootMeanSquaredError'>, module name: metrics.build
2025-05-29 13:56:50,089 | INFO | Using class 'edit_distance' from current module: <class 'torchmetrics.text.edit.EditDistance'>, module name: metrics.build
2025-05-29 13:58:12,565 | INFO | Using class 'bce' from current module: <class 'torch.nn.modules.loss.BCELoss'>, module name: losses.build
2025-05-29 13:58:12,569 | INFO | Using class 'focal_loss' from current module: <class 'losses.focal.FocalLoss'>, module name: losses.build
2025-05-29 13:58:12,569 | INFO | Using class 'ce' from current module: <class 'torch.nn.modules.loss.CrossEntropyLoss'>, module name: losses.build
2025-05-29 13:58:12,570 | INFO | Using class 'bce_with_logits' from current module: <class 'torch.nn.modules.loss.BCEWithLogitsLoss'>, module name: losses.build
2025-05-29 13:58:12,571 | INFO | Using class 'mse' from current module: <class 'torch.nn.modules.loss.MSELoss'>, module name: losses.build
2025-05-29 13:58:12,571 | INFO | Using class 'accuracy' from current module: <class 'metrics.sklearn_wrapper.Accuracy'>, module name: metrics.build
2025-05-29 13:58:12,572 | INFO | Using class 'precision' from current module: <class 'metrics.sklearn_wrapper.Precision'>, module name: metrics.build
2025-05-29 13:58:12,572 | INFO | Using class 'recall' from current module: <class 'metrics.sklearn_wrapper.Recall'>, module name: metrics.build
2025-05-29 13:58:12,573 | INFO | Using class 'f1' from current module: <class 'metrics.sklearn_wrapper.F1Score'>, module name: metrics.build
2025-05-29 13:58:12,573 | INFO | Using class 'map' from current module: <class 'torchmetrics.detection.mean_ap.MeanAveragePrecision'>, module name: metrics.build
2025-05-29 13:58:12,578 | INFO | Using class 'iou' from current module: <class 'torchmetrics.detection.iou.IntersectionOverUnion'>, module name: metrics.build
2025-05-29 13:58:12,579 | INFO | Using class 'mse' from current module: <class 'torchmetrics.regression.mse.MeanSquaredError'>, module name: metrics.build
2025-05-29 13:58:12,581 | INFO | Using class 'mae' from current module: <class 'torchmetrics.regression.mae.MeanAbsoluteError'>, module name: metrics.build
2025-05-29 13:58:12,582 | INFO | Using class 'mape' from current module: <class 'torchmetrics.regression.mape.MeanAbsolutePercentageError'>, module name: metrics.build
2025-05-29 13:58:12,583 | INFO | Using class 'nrmse' from current module: <class 'torchmetrics.regression.nrmse.NormalizedRootMeanSquaredError'>, module name: metrics.build
2025-05-29 13:58:12,586 | INFO | Using class 'edit_distance' from current module: <class 'torchmetrics.text.edit.EditDistance'>, module name: metrics.build
2025-05-29 13:58:24,770 | INFO | Using class 'bce' from current module: <class 'torch.nn.modules.loss.BCELoss'>, module name: losses.build
2025-05-29 13:58:24,773 | INFO | Using class 'focal_loss' from current module: <class 'losses.focal.FocalLoss'>, module name: losses.build
2025-05-29 13:58:24,773 | INFO | Using class 'ce' from current module: <class 'torch.nn.modules.loss.CrossEntropyLoss'>, module name: losses.build
2025-05-29 13:58:24,774 | INFO | Using class 'bce_with_logits' from current module: <class 'torch.nn.modules.loss.BCEWithLogitsLoss'>, module name: losses.build
2025-05-29 13:58:24,775 | INFO | Using class 'mse' from current module: <class 'torch.nn.modules.loss.MSELoss'>, module name: losses.build
2025-05-29 13:58:24,775 | INFO | Using class 'accuracy' from current module: <class 'metrics.sklearn_wrapper.Accuracy'>, module name: metrics.build
2025-05-29 13:58:24,776 | INFO | Using class 'precision' from current module: <class 'metrics.sklearn_wrapper.Precision'>, module name: metrics.build
2025-05-29 13:58:24,776 | INFO | Using class 'recall' from current module: <class 'metrics.sklearn_wrapper.Recall'>, module name: metrics.build
2025-05-29 13:58:24,777 | INFO | Using class 'f1' from current module: <class 'metrics.sklearn_wrapper.F1Score'>, module name: metrics.build
2025-05-29 13:58:24,777 | INFO | Using class 'map' from current module: <class 'torchmetrics.detection.mean_ap.MeanAveragePrecision'>, module name: metrics.build
2025-05-29 13:58:24,783 | INFO | Using class 'iou' from current module: <class 'torchmetrics.detection.iou.IntersectionOverUnion'>, module name: metrics.build
2025-05-29 13:58:24,784 | INFO | Using class 'mse' from current module: <class 'torchmetrics.regression.mse.MeanSquaredError'>, module name: metrics.build
2025-05-29 13:58:24,785 | INFO | Using class 'mae' from current module: <class 'torchmetrics.regression.mae.MeanAbsoluteError'>, module name: metrics.build
2025-05-29 13:58:24,786 | INFO | Using class 'mape' from current module: <class 'torchmetrics.regression.mape.MeanAbsolutePercentageError'>, module name: metrics.build
2025-05-29 13:58:24,788 | INFO | Using class 'nrmse' from current module: <class 'torchmetrics.regression.nrmse.NormalizedRootMeanSquaredError'>, module name: metrics.build
2025-05-29 13:58:24,790 | INFO | Using class 'edit_distance' from current module: <class 'torchmetrics.text.edit.EditDistance'>, module name: metrics.build
2025-05-29 15:02:08,119 | INFO | Using class 'bce' from current module: <class 'torch.nn.modules.loss.BCELoss'>, module name: losses.build
2025-05-29 15:02:08,122 | INFO | Using class 'focal_loss' from current module: <class 'losses.focal.FocalLoss'>, module name: losses.build
2025-05-29 15:02:08,122 | INFO | Using class 'ce' from current module: <class 'torch.nn.modules.loss.CrossEntropyLoss'>, module name: losses.build
2025-05-29 15:02:08,123 | INFO | Using class 'bce_with_logits' from current module: <class 'torch.nn.modules.loss.BCEWithLogitsLoss'>, module name: losses.build
2025-05-29 15:02:08,123 | INFO | Using class 'mse' from current module: <class 'torch.nn.modules.loss.MSELoss'>, module name: losses.build
2025-05-29 15:02:08,124 | INFO | Using class 'accuracy' from current module: <class 'metrics.sklearn_wrapper.Accuracy'>, module name: metrics.build
2025-05-29 15:02:08,125 | INFO | Using class 'precision' from current module: <class 'metrics.sklearn_wrapper.Precision'>, module name: metrics.build
2025-05-29 15:02:08,125 | INFO | Using class 'recall' from current module: <class 'metrics.sklearn_wrapper.Recall'>, module name: metrics.build
2025-05-29 15:02:08,126 | INFO | Using class 'f1' from current module: <class 'metrics.sklearn_wrapper.F1Score'>, module name: metrics.build
2025-05-29 15:02:08,126 | INFO | Using class 'map' from current module: <class 'torchmetrics.detection.mean_ap.MeanAveragePrecision'>, module name: metrics.build
2025-05-29 15:02:08,131 | INFO | Using class 'iou' from current module: <class 'torchmetrics.detection.iou.IntersectionOverUnion'>, module name: metrics.build
2025-05-29 15:02:08,132 | INFO | Using class 'mse' from current module: <class 'torchmetrics.regression.mse.MeanSquaredError'>, module name: metrics.build
2025-05-29 15:02:08,134 | INFO | Using class 'mae' from current module: <class 'torchmetrics.regression.mae.MeanAbsoluteError'>, module name: metrics.build
2025-05-29 15:02:08,135 | INFO | Using class 'mape' from current module: <class 'torchmetrics.regression.mape.MeanAbsolutePercentageError'>, module name: metrics.build
2025-05-29 15:02:08,136 | INFO | Using class 'nrmse' from current module: <class 'torchmetrics.regression.nrmse.NormalizedRootMeanSquaredError'>, module name: metrics.build
2025-05-29 15:02:08,139 | INFO | Using class 'edit_distance' from current module: <class 'torchmetrics.text.edit.EditDistance'>, module name: metrics.build
2025-05-29 15:03:14,279 | INFO | Using class 'bce' from current module: <class 'torch.nn.modules.loss.BCELoss'>, module name: losses.build
2025-05-29 15:03:14,282 | INFO | Using class 'focal_loss' from current module: <class 'losses.focal.FocalLoss'>, module name: losses.build
2025-05-29 15:03:14,283 | INFO | Using class 'ce' from current module: <class 'torch.nn.modules.loss.CrossEntropyLoss'>, module name: losses.build
2025-05-29 15:03:14,283 | INFO | Using class 'bce_with_logits' from current module: <class 'torch.nn.modules.loss.BCEWithLogitsLoss'>, module name: losses.build
2025-05-29 15:03:14,284 | INFO | Using class 'mse' from current module: <class 'torch.nn.modules.loss.MSELoss'>, module name: losses.build
2025-05-29 15:03:14,284 | INFO | Using class 'accuracy' from current module: <class 'metrics.sklearn_wrapper.Accuracy'>, module name: metrics.build
2025-05-29 15:03:14,284 | INFO | Using class 'precision' from current module: <class 'metrics.sklearn_wrapper.Precision'>, module name: metrics.build
2025-05-29 15:03:14,285 | INFO | Using class 'recall' from current module: <class 'metrics.sklearn_wrapper.Recall'>, module name: metrics.build
2025-05-29 15:03:14,285 | INFO | Using class 'f1' from current module: <class 'metrics.sklearn_wrapper.F1Score'>, module name: metrics.build
2025-05-29 15:03:14,286 | INFO | Using class 'map' from current module: <class 'torchmetrics.detection.mean_ap.MeanAveragePrecision'>, module name: metrics.build
2025-05-29 15:03:14,290 | INFO | Using class 'iou' from current module: <class 'torchmetrics.detection.iou.IntersectionOverUnion'>, module name: metrics.build
2025-05-29 15:03:14,291 | INFO | Using class 'mse' from current module: <class 'torchmetrics.regression.mse.MeanSquaredError'>, module name: metrics.build
2025-05-29 15:03:14,292 | INFO | Using class 'mae' from current module: <class 'torchmetrics.regression.mae.MeanAbsoluteError'>, module name: metrics.build
2025-05-29 15:03:14,294 | INFO | Using class 'mape' from current module: <class 'torchmetrics.regression.mape.MeanAbsolutePercentageError'>, module name: metrics.build
2025-05-29 15:03:14,296 | INFO | Using class 'nrmse' from current module: <class 'torchmetrics.regression.nrmse.NormalizedRootMeanSquaredError'>, module name: metrics.build
2025-05-29 15:03:14,298 | INFO | Using class 'edit_distance' from current module: <class 'torchmetrics.text.edit.EditDistance'>, module name: metrics.build
2025-05-29 15:03:28,327 | INFO | Using class 'bce' from current module: <class 'torch.nn.modules.loss.BCELoss'>, module name: losses.build
2025-05-29 15:03:28,329 | INFO | Using class 'focal_loss' from current module: <class 'losses.focal.FocalLoss'>, module name: losses.build
2025-05-29 15:03:28,330 | INFO | Using class 'ce' from current module: <class 'torch.nn.modules.loss.CrossEntropyLoss'>, module name: losses.build
2025-05-29 15:03:28,330 | INFO | Using class 'bce_with_logits' from current module: <class 'torch.nn.modules.loss.BCEWithLogitsLoss'>, module name: losses.build
2025-05-29 15:03:28,330 | INFO | Using class 'mse' from current module: <class 'torch.nn.modules.loss.MSELoss'>, module name: losses.build
2025-05-29 15:03:28,331 | INFO | Using class 'accuracy' from current module: <class 'metrics.sklearn_wrapper.Accuracy'>, module name: metrics.build
2025-05-29 15:03:28,331 | INFO | Using class 'precision' from current module: <class 'metrics.sklearn_wrapper.Precision'>, module name: metrics.build
2025-05-29 15:03:28,332 | INFO | Using class 'recall' from current module: <class 'metrics.sklearn_wrapper.Recall'>, module name: metrics.build
2025-05-29 15:03:28,332 | INFO | Using class 'f1' from current module: <class 'metrics.sklearn_wrapper.F1Score'>, module name: metrics.build
2025-05-29 15:03:28,332 | INFO | Using class 'map' from current module: <class 'torchmetrics.detection.mean_ap.MeanAveragePrecision'>, module name: metrics.build
2025-05-29 15:03:28,335 | INFO | Using class 'iou' from current module: <class 'torchmetrics.detection.iou.IntersectionOverUnion'>, module name: metrics.build
2025-05-29 15:03:28,336 | INFO | Using class 'mse' from current module: <class 'torchmetrics.regression.mse.MeanSquaredError'>, module name: metrics.build
2025-05-29 15:03:28,337 | INFO | Using class 'mae' from current module: <class 'torchmetrics.regression.mae.MeanAbsoluteError'>, module name: metrics.build
2025-05-29 15:03:28,338 | INFO | Using class 'mape' from current module: <class 'torchmetrics.regression.mape.MeanAbsolutePercentageError'>, module name: metrics.build
2025-05-29 15:03:28,340 | INFO | Using class 'nrmse' from current module: <class 'torchmetrics.regression.nrmse.NormalizedRootMeanSquaredError'>, module name: metrics.build
2025-05-29 15:03:28,342 | INFO | Using class 'edit_distance' from current module: <class 'torchmetrics.text.edit.EditDistance'>, module name: metrics.build
2025-05-29 15:04:02,826 | INFO | Using class 'bce' from current module: <class 'torch.nn.modules.loss.BCELoss'>, module name: losses.build
2025-05-29 15:04:02,829 | INFO | Using class 'focal_loss' from current module: <class 'losses.focal.FocalLoss'>, module name: losses.build
2025-05-29 15:04:02,830 | INFO | Using class 'ce' from current module: <class 'torch.nn.modules.loss.CrossEntropyLoss'>, module name: losses.build
2025-05-29 15:04:02,830 | INFO | Using class 'bce_with_logits' from current module: <class 'torch.nn.modules.loss.BCEWithLogitsLoss'>, module name: losses.build
2025-05-29 15:04:02,831 | INFO | Using class 'mse' from current module: <class 'torch.nn.modules.loss.MSELoss'>, module name: losses.build
2025-05-29 15:04:02,831 | INFO | Using class 'accuracy' from current module: <class 'metrics.sklearn_wrapper.Accuracy'>, module name: metrics.build
2025-05-29 15:04:02,832 | INFO | Using class 'precision' from current module: <class 'metrics.sklearn_wrapper.Precision'>, module name: metrics.build
2025-05-29 15:04:02,832 | INFO | Using class 'recall' from current module: <class 'metrics.sklearn_wrapper.Recall'>, module name: metrics.build
2025-05-29 15:04:02,833 | INFO | Using class 'f1' from current module: <class 'metrics.sklearn_wrapper.F1Score'>, module name: metrics.build
2025-05-29 15:04:02,833 | INFO | Using class 'map' from current module: <class 'torchmetrics.detection.mean_ap.MeanAveragePrecision'>, module name: metrics.build
2025-05-29 15:04:02,838 | INFO | Using class 'iou' from current module: <class 'torchmetrics.detection.iou.IntersectionOverUnion'>, module name: metrics.build
2025-05-29 15:04:02,839 | INFO | Using class 'mse' from current module: <class 'torchmetrics.regression.mse.MeanSquaredError'>, module name: metrics.build
2025-05-29 15:04:02,841 | INFO | Using class 'mae' from current module: <class 'torchmetrics.regression.mae.MeanAbsoluteError'>, module name: metrics.build
2025-05-29 15:04:02,842 | INFO | Using class 'mape' from current module: <class 'torchmetrics.regression.mape.MeanAbsolutePercentageError'>, module name: metrics.build
2025-05-29 15:04:02,844 | INFO | Using class 'nrmse' from current module: <class 'torchmetrics.regression.nrmse.NormalizedRootMeanSquaredError'>, module name: metrics.build
2025-05-29 15:04:02,845 | INFO | Using class 'edit_distance' from current module: <class 'torchmetrics.text.edit.EditDistance'>, module name: metrics.build
2025-05-29 15:04:49,552 | INFO | Using class 'bce' from current module: <class 'torch.nn.modules.loss.BCELoss'>, module name: losses.build
2025-05-29 15:04:49,555 | INFO | Using class 'focal_loss' from current module: <class 'losses.focal.FocalLoss'>, module name: losses.build
2025-05-29 15:04:49,555 | INFO | Using class 'ce' from current module: <class 'torch.nn.modules.loss.CrossEntropyLoss'>, module name: losses.build
2025-05-29 15:04:49,556 | INFO | Using class 'bce_with_logits' from current module: <class 'torch.nn.modules.loss.BCEWithLogitsLoss'>, module name: losses.build
2025-05-29 15:04:49,557 | INFO | Using class 'mse' from current module: <class 'torch.nn.modules.loss.MSELoss'>, module name: losses.build
2025-05-29 15:04:49,557 | INFO | Using class 'accuracy' from current module: <class 'metrics.sklearn_wrapper.Accuracy'>, module name: metrics.build
2025-05-29 15:04:49,558 | INFO | Using class 'precision' from current module: <class 'metrics.sklearn_wrapper.Precision'>, module name: metrics.build
2025-05-29 15:04:49,559 | INFO | Using class 'recall' from current module: <class 'metrics.sklearn_wrapper.Recall'>, module name: metrics.build
2025-05-29 15:04:49,559 | INFO | Using class 'f1' from current module: <class 'metrics.sklearn_wrapper.F1Score'>, module name: metrics.build
2025-05-29 15:04:49,560 | INFO | Using class 'map' from current module: <class 'torchmetrics.detection.mean_ap.MeanAveragePrecision'>, module name: metrics.build
2025-05-29 15:04:49,564 | INFO | Using class 'iou' from current module: <class 'torchmetrics.detection.iou.IntersectionOverUnion'>, module name: metrics.build
2025-05-29 15:04:49,565 | INFO | Using class 'mse' from current module: <class 'torchmetrics.regression.mse.MeanSquaredError'>, module name: metrics.build
2025-05-29 15:04:49,567 | INFO | Using class 'mae' from current module: <class 'torchmetrics.regression.mae.MeanAbsoluteError'>, module name: metrics.build
2025-05-29 15:04:49,569 | INFO | Using class 'mape' from current module: <class 'torchmetrics.regression.mape.MeanAbsolutePercentageError'>, module name: metrics.build
2025-05-29 15:04:49,570 | INFO | Using class 'nrmse' from current module: <class 'torchmetrics.regression.nrmse.NormalizedRootMeanSquaredError'>, module name: metrics.build
2025-05-29 15:04:49,572 | INFO | Using class 'edit_distance' from current module: <class 'torchmetrics.text.edit.EditDistance'>, module name: metrics.build
2025-05-29 15:05:47,217 | INFO | Using class 'bce' from current module: <class 'torch.nn.modules.loss.BCELoss'>, module name: losses.build
2025-05-29 15:05:47,220 | INFO | Using class 'focal_loss' from current module: <class 'losses.focal.FocalLoss'>, module name: losses.build
2025-05-29 15:05:47,221 | INFO | Using class 'ce' from current module: <class 'torch.nn.modules.loss.CrossEntropyLoss'>, module name: losses.build
2025-05-29 15:05:47,222 | INFO | Using class 'bce_with_logits' from current module: <class 'torch.nn.modules.loss.BCEWithLogitsLoss'>, module name: losses.build
2025-05-29 15:05:47,222 | INFO | Using class 'mse' from current module: <class 'torch.nn.modules.loss.MSELoss'>, module name: losses.build
2025-05-29 15:05:47,223 | INFO | Using class 'accuracy' from current module: <class 'metrics.sklearn_wrapper.Accuracy'>, module name: metrics.build
2025-05-29 15:05:47,224 | INFO | Using class 'precision' from current module: <class 'metrics.sklearn_wrapper.Precision'>, module name: metrics.build
2025-05-29 15:05:47,224 | INFO | Using class 'recall' from current module: <class 'metrics.sklearn_wrapper.Recall'>, module name: metrics.build
2025-05-29 15:05:47,225 | INFO | Using class 'f1' from current module: <class 'metrics.sklearn_wrapper.F1Score'>, module name: metrics.build
2025-05-29 15:05:47,226 | INFO | Using class 'map' from current module: <class 'torchmetrics.detection.mean_ap.MeanAveragePrecision'>, module name: metrics.build
2025-05-29 15:05:47,232 | INFO | Using class 'iou' from current module: <class 'torchmetrics.detection.iou.IntersectionOverUnion'>, module name: metrics.build
2025-05-29 15:05:47,233 | INFO | Using class 'mse' from current module: <class 'torchmetrics.regression.mse.MeanSquaredError'>, module name: metrics.build
2025-05-29 15:05:47,235 | INFO | Using class 'mae' from current module: <class 'torchmetrics.regression.mae.MeanAbsoluteError'>, module name: metrics.build
2025-05-29 15:05:47,236 | INFO | Using class 'mape' from current module: <class 'torchmetrics.regression.mape.MeanAbsolutePercentageError'>, module name: metrics.build
2025-05-29 15:05:47,237 | INFO | Using class 'nrmse' from current module: <class 'torchmetrics.regression.nrmse.NormalizedRootMeanSquaredError'>, module name: metrics.build
2025-05-29 15:05:47,239 | INFO | Using class 'edit_distance' from current module: <class 'torchmetrics.text.edit.EditDistance'>, module name: metrics.build
2025-05-29 15:07:01,681 | INFO | Using class 'bce' from current module: <class 'torch.nn.modules.loss.BCELoss'>, module name: losses.build
2025-05-29 15:07:01,683 | INFO | Using class 'focal_loss' from current module: <class 'losses.focal.FocalLoss'>, module name: losses.build
2025-05-29 15:07:01,684 | INFO | Using class 'ce' from current module: <class 'torch.nn.modules.loss.CrossEntropyLoss'>, module name: losses.build
2025-05-29 15:07:01,685 | INFO | Using class 'bce_with_logits' from current module: <class 'torch.nn.modules.loss.BCEWithLogitsLoss'>, module name: losses.build
2025-05-29 15:07:01,685 | INFO | Using class 'mse' from current module: <class 'torch.nn.modules.loss.MSELoss'>, module name: losses.build
2025-05-29 15:07:01,686 | INFO | Using class 'accuracy' from current module: <class 'metrics.sklearn_wrapper.Accuracy'>, module name: metrics.build
2025-05-29 15:07:01,687 | INFO | Using class 'precision' from current module: <class 'metrics.sklearn_wrapper.Precision'>, module name: metrics.build
2025-05-29 15:07:01,687 | INFO | Using class 'recall' from current module: <class 'metrics.sklearn_wrapper.Recall'>, module name: metrics.build
2025-05-29 15:07:01,688 | INFO | Using class 'f1' from current module: <class 'metrics.sklearn_wrapper.F1Score'>, module name: metrics.build
2025-05-29 15:07:01,689 | INFO | Using class 'map' from current module: <class 'torchmetrics.detection.mean_ap.MeanAveragePrecision'>, module name: metrics.build
2025-05-29 15:07:01,694 | INFO | Using class 'iou' from current module: <class 'torchmetrics.detection.iou.IntersectionOverUnion'>, module name: metrics.build
2025-05-29 15:07:01,695 | INFO | Using class 'mse' from current module: <class 'torchmetrics.regression.mse.MeanSquaredError'>, module name: metrics.build
2025-05-29 15:07:01,697 | INFO | Using class 'mae' from current module: <class 'torchmetrics.regression.mae.MeanAbsoluteError'>, module name: metrics.build
2025-05-29 15:07:01,698 | INFO | Using class 'mape' from current module: <class 'torchmetrics.regression.mape.MeanAbsolutePercentageError'>, module name: metrics.build
2025-05-29 15:07:01,699 | INFO | Using class 'nrmse' from current module: <class 'torchmetrics.regression.nrmse.NormalizedRootMeanSquaredError'>, module name: metrics.build
2025-05-29 15:07:01,703 | INFO | Using class 'edit_distance' from current module: <class 'torchmetrics.text.edit.EditDistance'>, module name: metrics.build
2025-05-29 15:08:43,736 | INFO | Using class 'bce' from current module: <class 'torch.nn.modules.loss.BCELoss'>, module name: losses.build
2025-05-29 15:08:43,740 | INFO | Using class 'focal_loss' from current module: <class 'losses.focal.FocalLoss'>, module name: losses.build
2025-05-29 15:08:43,741 | INFO | Using class 'ce' from current module: <class 'torch.nn.modules.loss.CrossEntropyLoss'>, module name: losses.build
2025-05-29 15:08:43,742 | INFO | Using class 'bce_with_logits' from current module: <class 'torch.nn.modules.loss.BCEWithLogitsLoss'>, module name: losses.build
2025-05-29 15:08:43,743 | INFO | Using class 'mse' from current module: <class 'torch.nn.modules.loss.MSELoss'>, module name: losses.build
2025-05-29 15:08:43,743 | INFO | Using class 'accuracy' from current module: <class 'metrics.sklearn_wrapper.Accuracy'>, module name: metrics.build
2025-05-29 15:08:43,744 | INFO | Using class 'precision' from current module: <class 'metrics.sklearn_wrapper.Precision'>, module name: metrics.build
2025-05-29 15:08:43,745 | INFO | Using class 'recall' from current module: <class 'metrics.sklearn_wrapper.Recall'>, module name: metrics.build
2025-05-29 15:08:43,745 | INFO | Using class 'f1' from current module: <class 'metrics.sklearn_wrapper.F1Score'>, module name: metrics.build
2025-05-29 15:08:43,746 | INFO | Using class 'map' from current module: <class 'torchmetrics.detection.mean_ap.MeanAveragePrecision'>, module name: metrics.build
2025-05-29 15:08:43,751 | INFO | Using class 'iou' from current module: <class 'torchmetrics.detection.iou.IntersectionOverUnion'>, module name: metrics.build
2025-05-29 15:08:43,752 | INFO | Using class 'mse' from current module: <class 'torchmetrics.regression.mse.MeanSquaredError'>, module name: metrics.build
2025-05-29 15:08:43,755 | INFO | Using class 'mae' from current module: <class 'torchmetrics.regression.mae.MeanAbsoluteError'>, module name: metrics.build
2025-05-29 15:08:43,756 | INFO | Using class 'mape' from current module: <class 'torchmetrics.regression.mape.MeanAbsolutePercentageError'>, module name: metrics.build
2025-05-29 15:08:43,757 | INFO | Using class 'nrmse' from current module: <class 'torchmetrics.regression.nrmse.NormalizedRootMeanSquaredError'>, module name: metrics.build
2025-05-29 15:08:43,759 | INFO | Using class 'edit_distance' from current module: <class 'torchmetrics.text.edit.EditDistance'>, module name: metrics.build
2025-05-29 15:09:13,235 | INFO | Using class 'bce' from current module: <class 'torch.nn.modules.loss.BCELoss'>, module name: losses.build
2025-05-29 15:09:13,237 | INFO | Using class 'focal_loss' from current module: <class 'losses.focal.FocalLoss'>, module name: losses.build
2025-05-29 15:09:13,238 | INFO | Using class 'ce' from current module: <class 'torch.nn.modules.loss.CrossEntropyLoss'>, module name: losses.build
2025-05-29 15:09:13,238 | INFO | Using class 'bce_with_logits' from current module: <class 'torch.nn.modules.loss.BCEWithLogitsLoss'>, module name: losses.build
2025-05-29 15:09:13,239 | INFO | Using class 'mse' from current module: <class 'torch.nn.modules.loss.MSELoss'>, module name: losses.build
2025-05-29 15:09:13,240 | INFO | Using class 'accuracy' from current module: <class 'metrics.sklearn_wrapper.Accuracy'>, module name: metrics.build
2025-05-29 15:09:13,241 | INFO | Using class 'precision' from current module: <class 'metrics.sklearn_wrapper.Precision'>, module name: metrics.build
2025-05-29 15:09:13,241 | INFO | Using class 'recall' from current module: <class 'metrics.sklearn_wrapper.Recall'>, module name: metrics.build
2025-05-29 15:09:13,242 | INFO | Using class 'f1' from current module: <class 'metrics.sklearn_wrapper.F1Score'>, module name: metrics.build
2025-05-29 15:09:13,242 | INFO | Using class 'map' from current module: <class 'torchmetrics.detection.mean_ap.MeanAveragePrecision'>, module name: metrics.build
2025-05-29 15:09:13,247 | INFO | Using class 'iou' from current module: <class 'torchmetrics.detection.iou.IntersectionOverUnion'>, module name: metrics.build
2025-05-29 15:09:13,248 | INFO | Using class 'mse' from current module: <class 'torchmetrics.regression.mse.MeanSquaredError'>, module name: metrics.build
2025-05-29 15:09:13,250 | INFO | Using class 'mae' from current module: <class 'torchmetrics.regression.mae.MeanAbsoluteError'>, module name: metrics.build
2025-05-29 15:09:13,251 | INFO | Using class 'mape' from current module: <class 'torchmetrics.regression.mape.MeanAbsolutePercentageError'>, module name: metrics.build
2025-05-29 15:09:13,252 | INFO | Using class 'nrmse' from current module: <class 'torchmetrics.regression.nrmse.NormalizedRootMeanSquaredError'>, module name: metrics.build
2025-05-29 15:09:13,254 | INFO | Using class 'edit_distance' from current module: <class 'torchmetrics.text.edit.EditDistance'>, module name: metrics.build
2025-05-29 15:09:38,534 | INFO | Using class 'bce' from current module: <class 'torch.nn.modules.loss.BCELoss'>, module name: losses.build
2025-05-29 15:09:38,537 | INFO | Using class 'focal_loss' from current module: <class 'losses.focal.FocalLoss'>, module name: losses.build
2025-05-29 15:09:38,537 | INFO | Using class 'ce' from current module: <class 'torch.nn.modules.loss.CrossEntropyLoss'>, module name: losses.build
2025-05-29 15:09:38,538 | INFO | Using class 'bce_with_logits' from current module: <class 'torch.nn.modules.loss.BCEWithLogitsLoss'>, module name: losses.build
2025-05-29 15:09:38,539 | INFO | Using class 'mse' from current module: <class 'torch.nn.modules.loss.MSELoss'>, module name: losses.build
2025-05-29 15:09:38,539 | INFO | Using class 'accuracy' from current module: <class 'metrics.sklearn_wrapper.Accuracy'>, module name: metrics.build
2025-05-29 15:09:38,540 | INFO | Using class 'precision' from current module: <class 'metrics.sklearn_wrapper.Precision'>, module name: metrics.build
2025-05-29 15:09:38,541 | INFO | Using class 'recall' from current module: <class 'metrics.sklearn_wrapper.Recall'>, module name: metrics.build
2025-05-29 15:09:38,541 | INFO | Using class 'f1' from current module: <class 'metrics.sklearn_wrapper.F1Score'>, module name: metrics.build
2025-05-29 15:09:38,542 | INFO | Using class 'map' from current module: <class 'torchmetrics.detection.mean_ap.MeanAveragePrecision'>, module name: metrics.build
2025-05-29 15:09:38,548 | INFO | Using class 'iou' from current module: <class 'torchmetrics.detection.iou.IntersectionOverUnion'>, module name: metrics.build
2025-05-29 15:09:38,550 | INFO | Using class 'mse' from current module: <class 'torchmetrics.regression.mse.MeanSquaredError'>, module name: metrics.build
2025-05-29 15:09:38,551 | INFO | Using class 'mae' from current module: <class 'torchmetrics.regression.mae.MeanAbsoluteError'>, module name: metrics.build
2025-05-29 15:09:38,553 | INFO | Using class 'mape' from current module: <class 'torchmetrics.regression.mape.MeanAbsolutePercentageError'>, module name: metrics.build
2025-05-29 15:09:38,554 | INFO | Using class 'nrmse' from current module: <class 'torchmetrics.regression.nrmse.NormalizedRootMeanSquaredError'>, module name: metrics.build
2025-05-29 15:09:38,556 | INFO | Using class 'edit_distance' from current module: <class 'torchmetrics.text.edit.EditDistance'>, module name: metrics.build
2025-05-29 15:35:52,260 | INFO | Using class 'ce' from current module: <class 'torch.nn.modules.loss.CrossEntropyLoss'>, module name: losses.build
2025-05-29 15:35:52,261 | INFO | Using class 'accuracy' from current module: <class 'metrics.sklearn_wrapper.Accuracy'>, module name: metrics.build
2025-05-29 15:35:52,262 | INFO | Using class 'precision' from current module: <class 'metrics.sklearn_wrapper.Precision'>, module name: metrics.build
2025-05-29 15:35:52,262 | INFO | Using class 'recall' from current module: <class 'metrics.sklearn_wrapper.Recall'>, module name: metrics.build
2025-05-29 15:35:52,262 | INFO | Using class 'f1' from current module: <class 'metrics.sklearn_wrapper.F1Score'>, module name: metrics.build
2025-05-29 15:35:52,263 | INFO | Using class 'map' from current module: <class 'torchmetrics.detection.mean_ap.MeanAveragePrecision'>, module name: metrics.build
2025-05-29 15:35:52,266 | INFO | Using class 'iou' from current module: <class 'torchmetrics.detection.iou.IntersectionOverUnion'>, module name: metrics.build
2025-05-29 15:35:52,267 | INFO | Using class 'mse' from current module: <class 'torchmetrics.regression.mse.MeanSquaredError'>, module name: metrics.build
2025-05-29 15:35:52,268 | INFO | Using class 'mae' from current module: <class 'torchmetrics.regression.mae.MeanAbsoluteError'>, module name: metrics.build
2025-05-29 15:35:52,269 | INFO | Using class 'mape' from current module: <class 'torchmetrics.regression.mape.MeanAbsolutePercentageError'>, module name: metrics.build
2025-05-29 15:35:52,269 | INFO | Using class 'nrmse' from current module: <class 'torchmetrics.regression.nrmse.NormalizedRootMeanSquaredError'>, module name: metrics.build
2025-05-29 15:35:52,271 | INFO | Using class 'edit_distance' from current module: <class 'torchmetrics.text.edit.EditDistance'>, module name: metrics.build
2025-05-29 15:36:26,210 | INFO | Using class 'ce' from current module: <class 'torch.nn.modules.loss.CrossEntropyLoss'>, module name: losses.build
2025-05-29 15:36:26,211 | INFO | Using class 'accuracy' from current module: <class 'metrics.sklearn_wrapper.Accuracy'>, module name: metrics.build
2025-05-29 15:36:26,211 | INFO | Using class 'precision' from current module: <class 'metrics.sklearn_wrapper.Precision'>, module name: metrics.build
2025-05-29 15:36:26,212 | INFO | Using class 'recall' from current module: <class 'metrics.sklearn_wrapper.Recall'>, module name: metrics.build
2025-05-29 15:36:26,212 | INFO | Using class 'f1' from current module: <class 'metrics.sklearn_wrapper.F1Score'>, module name: metrics.build
2025-05-29 16:29:22,496 | INFO | Using class 'ce' from current module: <class 'torch.nn.modules.loss.CrossEntropyLoss'>, module name: losses.build
2025-05-29 16:29:22,497 | INFO | Using class 'accuracy' from current module: <class 'metrics.sklearn_wrapper.Accuracy'>, module name: metrics.build
2025-05-29 16:29:22,497 | INFO | Using class 'precision' from current module: <class 'metrics.sklearn_wrapper.Precision'>, module name: metrics.build
2025-05-29 16:29:22,498 | INFO | Using class 'recall' from current module: <class 'metrics.sklearn_wrapper.Recall'>, module name: metrics.build
2025-05-29 16:29:22,498 | INFO | Using class 'f1' from current module: <class 'metrics.sklearn_wrapper.F1Score'>, module name: metrics.build
2025-05-29 16:29:57,449 | INFO | Using class 'ce' from current module: <class 'torch.nn.modules.loss.CrossEntropyLoss'>, module name: losses.build
2025-05-29 16:31:40,627 | INFO | Using class 'ce' from current module: <class 'torch.nn.modules.loss.CrossEntropyLoss'>, module name: losses.build
2025-05-29 16:31:57,947 | INFO | Using class 'ce' from current module: <class 'torch.nn.modules.loss.CrossEntropyLoss'>, module name: losses.build
2025-05-29 16:32:48,488 | INFO | Using class 'ce' from current module: <class 'torch.nn.modules.loss.CrossEntropyLoss'>, module name: losses.build
2025-05-29 16:32:59,709 | INFO | Using class 'ce' from current module: <class 'torch.nn.modules.loss.CrossEntropyLoss'>, module name: losses.build
2025-05-29 16:33:12,259 | INFO | Using class 'ce' from current module: <class 'torch.nn.modules.loss.CrossEntropyLoss'>, module name: losses.build
2025-05-29 16:34:44,465 | INFO | Using class 'ce' from current module: <class 'torch.nn.modules.loss.CrossEntropyLoss'>, module name: losses.build
2025-05-29 16:35:45,675 | INFO | Using class 'ce' from current module: <class 'torch.nn.modules.loss.CrossEntropyLoss'>, module name: losses.build
2025-05-29 16:43:28,511 | INFO | Using class 'ce' from current module: <class 'torch.nn.modules.loss.CrossEntropyLoss'>, module name: losses.build
2025-05-29 16:46:15,835 | INFO | Using class 'ce' from current module: <class 'torch.nn.modules.loss.CrossEntropyLoss'>, module name: losses.build
2025-05-29 16:47:05,535 | INFO | Using class 'ce' from current module: <class 'torch.nn.modules.loss.CrossEntropyLoss'>, module name: losses.build
2025-05-29 16:49:24,313 | INFO | Using class 'ce' from current module: <class 'torch.nn.modules.loss.CrossEntropyLoss'>, module name: losses.build
2025-05-29 16:49:43,788 | INFO | Using class 'ce' from current module: <class 'torch.nn.modules.loss.CrossEntropyLoss'>, module name: losses.build
2025-05-29 16:49:43,790 | INFO | Using class 'focal_loss' from current module: <class 'losses.focal.FocalLoss'>, module name: losses.build
2025-05-29 16:49:43,791 | INFO | Using class 'accuracy' from current module: <class 'metrics.sklearn_wrapper.Accuracy'>, module name: metrics.build
2025-05-29 16:49:43,792 | INFO | Using class 'precision' from current module: <class 'metrics.sklearn_wrapper.Precision'>, module name: metrics.build
2025-05-29 16:49:43,792 | INFO | Using class 'recall' from current module: <class 'metrics.sklearn_wrapper.Recall'>, module name: metrics.build
2025-05-29 16:49:43,793 | INFO | Using class 'f1' from current module: <class 'metrics.sklearn_wrapper.F1Score'>, module name: metrics.build
2025-05-29 16:50:07,607 | INFO | Using class 'ce' from current module: <class 'torch.nn.modules.loss.CrossEntropyLoss'>, module name: losses.build
2025-05-29 16:50:07,610 | INFO | Using class 'focal_loss' from current module: <class 'losses.focal.FocalLoss'>, module name: losses.build
2025-05-29 16:50:07,611 | INFO | Using class 'accuracy' from current module: <class 'metrics.sklearn_wrapper.Accuracy'>, module name: metrics.build
2025-05-29 16:50:07,611 | INFO | Using class 'precision' from current module: <class 'metrics.sklearn_wrapper.Precision'>, module name: metrics.build
2025-05-29 16:50:07,612 | INFO | Using class 'recall' from current module: <class 'metrics.sklearn_wrapper.Recall'>, module name: metrics.build
2025-05-29 16:50:07,612 | INFO | Using class 'f1' from current module: <class 'metrics.sklearn_wrapper.F1Score'>, module name: metrics.build
2025-05-29 16:50:07,615 | WARNING | Class 'mnist' not found in directory 'data'
2025-05-29 16:51:10,050 | INFO | Using class 'ce' from current module: <class 'torch.nn.modules.loss.CrossEntropyLoss'>, module name: losses.build
2025-05-29 16:51:10,052 | INFO | Using class 'focal_loss' from current module: <class 'losses.focal.FocalLoss'>, module name: losses.build
2025-05-29 16:51:10,053 | INFO | Using class 'accuracy' from current module: <class 'metrics.sklearn_wrapper.Accuracy'>, module name: metrics.build
2025-05-29 16:51:10,053 | INFO | Using class 'precision' from current module: <class 'metrics.sklearn_wrapper.Precision'>, module name: metrics.build
2025-05-29 16:51:10,054 | INFO | Using class 'recall' from current module: <class 'metrics.sklearn_wrapper.Recall'>, module name: metrics.build
2025-05-29 16:51:10,054 | INFO | Using class 'f1' from current module: <class 'metrics.sklearn_wrapper.F1Score'>, module name: metrics.build
2025-05-30 08:31:46,291 | INFO | Using class 'ce' from current module: <class 'torch.nn.modules.loss.CrossEntropyLoss'>, module name: losses.build
2025-05-30 08:31:46,295 | INFO | Using class 'focal_loss' from current module: <class 'losses.focal.FocalLoss'>, module name: losses.build
2025-05-30 08:31:46,295 | INFO | Using class 'accuracy' from current module: <class 'metrics.sklearn_wrapper.Accuracy'>, module name: metrics.build
2025-05-30 08:31:46,296 | INFO | Using class 'precision' from current module: <class 'metrics.sklearn_wrapper.Precision'>, module name: metrics.build
2025-05-30 08:31:46,296 | INFO | Using class 'recall' from current module: <class 'metrics.sklearn_wrapper.Recall'>, module name: metrics.build
2025-05-30 08:31:46,297 | INFO | Using class 'f1' from current module: <class 'metrics.sklearn_wrapper.F1Score'>, module name: metrics.build
2025-05-30 08:39:51,118 | INFO | Using class 'ce' from current module: <class 'torch.nn.modules.loss.CrossEntropyLoss'>, module name: losses.build
2025-05-30 08:39:51,122 | INFO | Using class 'focal_loss' from current module: <class 'losses.focal.FocalLoss'>, module name: losses.build
2025-05-30 08:39:51,122 | INFO | Using class 'accuracy' from current module: <class 'metrics.sklearn_wrapper.Accuracy'>, module name: metrics.build
2025-05-30 08:39:51,122 | INFO | Using class 'precision' from current module: <class 'metrics.sklearn_wrapper.Precision'>, module name: metrics.build
2025-05-30 08:39:51,123 | INFO | Using class 'recall' from current module: <class 'metrics.sklearn_wrapper.Recall'>, module name: metrics.build
2025-05-30 08:39:51,123 | INFO | Using class 'f1' from current module: <class 'metrics.sklearn_wrapper.F1Score'>, module name: metrics.build
2025-05-30 08:42:30,694 | INFO | Using class 'ce' from current module: <class 'torch.nn.modules.loss.CrossEntropyLoss'>, module name: losses.build
2025-05-30 08:42:30,697 | INFO | Using class 'focal_loss' from current module: <class 'losses.focal.FocalLoss'>, module name: losses.build
2025-05-30 08:42:30,698 | INFO | Using class 'accuracy' from current module: <class 'metrics.sklearn_wrapper.Accuracy'>, module name: metrics.build
2025-05-30 08:42:30,698 | INFO | Using class 'precision' from current module: <class 'metrics.sklearn_wrapper.Precision'>, module name: metrics.build
2025-05-30 08:42:30,699 | INFO | Using class 'recall' from current module: <class 'metrics.sklearn_wrapper.Recall'>, module name: metrics.build
2025-05-30 08:42:30,699 | INFO | Using class 'f1' from current module: <class 'metrics.sklearn_wrapper.F1Score'>, module name: metrics.build
2025-05-30 08:42:30,706 | WARNING | Class '<class 'data.base.BaseDataset'>' does not define 'get_alias' which is a must!
2025-05-30 08:43:57,807 | INFO | Using class 'ce' from current module: <class 'torch.nn.modules.loss.CrossEntropyLoss'>, module name: losses.build
2025-05-30 08:43:57,810 | INFO | Using class 'focal_loss' from current module: <class 'losses.focal.FocalLoss'>, module name: losses.build
2025-05-30 08:43:57,810 | INFO | Using class 'accuracy' from current module: <class 'metrics.sklearn_wrapper.Accuracy'>, module name: metrics.build
2025-05-30 08:43:57,811 | INFO | Using class 'precision' from current module: <class 'metrics.sklearn_wrapper.Precision'>, module name: metrics.build
2025-05-30 08:43:57,812 | INFO | Using class 'recall' from current module: <class 'metrics.sklearn_wrapper.Recall'>, module name: metrics.build
2025-05-30 08:43:57,812 | INFO | Using class 'f1' from current module: <class 'metrics.sklearn_wrapper.F1Score'>, module name: metrics.build
2025-05-30 08:43:57,818 | WARNING | Class '<class 'data.base.BaseDataset'>' does not define 'get_alias' which is a must!
2025-05-30 08:44:43,824 | INFO | Using class 'ce' from current module: <class 'torch.nn.modules.loss.CrossEntropyLoss'>, module name: losses.build
2025-05-30 08:44:43,827 | INFO | Using class 'focal_loss' from current module: <class 'losses.focal.FocalLoss'>, module name: losses.build
2025-05-30 08:44:43,828 | INFO | Using class 'accuracy' from current module: <class 'metrics.sklearn_wrapper.Accuracy'>, module name: metrics.build
2025-05-30 08:44:43,828 | INFO | Using class 'precision' from current module: <class 'metrics.sklearn_wrapper.Precision'>, module name: metrics.build
2025-05-30 08:44:43,829 | INFO | Using class 'recall' from current module: <class 'metrics.sklearn_wrapper.Recall'>, module name: metrics.build
2025-05-30 08:44:43,829 | INFO | Using class 'f1' from current module: <class 'metrics.sklearn_wrapper.F1Score'>, module name: metrics.build
2025-05-30 08:44:43,832 | WARNING | Class '<class 'data.base.BaseDataset'>' does not define 'get_alias' which is a must!
2025-05-30 08:45:25,327 | INFO | Using class 'ce' from current module: <class 'torch.nn.modules.loss.CrossEntropyLoss'>, module name: losses.build
2025-05-30 08:45:25,330 | CRITICAL | focal_loss
2025-05-30 08:45:25,330 | INFO | Using class 'focal_loss' from current module: <class 'losses.focal.FocalLoss'>, module name: losses.build
2025-05-30 08:45:25,331 | INFO | Using class 'accuracy' from current module: <class 'metrics.sklearn_wrapper.Accuracy'>, module name: metrics.build
2025-05-30 08:45:25,331 | INFO | Using class 'precision' from current module: <class 'metrics.sklearn_wrapper.Precision'>, module name: metrics.build
2025-05-30 08:45:25,332 | INFO | Using class 'recall' from current module: <class 'metrics.sklearn_wrapper.Recall'>, module name: metrics.build
2025-05-30 08:45:25,332 | INFO | Using class 'f1' from current module: <class 'metrics.sklearn_wrapper.F1Score'>, module name: metrics.build
2025-05-30 08:45:25,335 | WARNING | Class '<class 'data.base.BaseDataset'>' does not define 'get_alias' which is a must!
2025-05-30 08:45:25,336 | CRITICAL | mnist
2025-05-30 08:46:45,534 | INFO | Using class 'ce' from current module: <class 'torch.nn.modules.loss.CrossEntropyLoss'>, module name: losses.build
2025-05-30 08:46:45,536 | CRITICAL | <class 'losses.base.BaseLoss'>
2025-05-30 08:46:45,537 | CRITICAL | <class 'losses.focal.FocalLoss'>
2025-05-30 08:46:45,537 | INFO | Using class 'focal_loss' from current module: <class 'losses.focal.FocalLoss'>, module name: losses.build
2025-05-30 08:46:45,538 | INFO | Using class 'accuracy' from current module: <class 'metrics.sklearn_wrapper.Accuracy'>, module name: metrics.build
2025-05-30 08:46:45,538 | INFO | Using class 'precision' from current module: <class 'metrics.sklearn_wrapper.Precision'>, module name: metrics.build
2025-05-30 08:46:45,539 | INFO | Using class 'recall' from current module: <class 'metrics.sklearn_wrapper.Recall'>, module name: metrics.build
2025-05-30 08:46:45,539 | INFO | Using class 'f1' from current module: <class 'metrics.sklearn_wrapper.F1Score'>, module name: metrics.build
2025-05-30 08:46:45,543 | CRITICAL | <class 'data.base.BaseDataset'>
2025-05-30 08:46:45,544 | WARNING | Class '<class 'data.base.BaseDataset'>' does not define 'get_alias' which is a must!
2025-05-30 08:46:45,544 | CRITICAL | <class 'data.mnist.MNISTDataset'>
2025-05-30 08:47:56,024 | INFO | Using class 'ce' from current module: <class 'torch.nn.modules.loss.CrossEntropyLoss'>, module name: losses.build
2025-05-30 08:47:56,026 | CRITICAL | <class 'losses.base.BaseLoss'>
2025-05-30 08:47:56,027 | CRITICAL | <class 'losses.focal.FocalLoss'>
2025-05-30 08:47:56,027 | INFO | Using class 'focal_loss' from current module: <class 'losses.focal.FocalLoss'>, module name: losses.build
2025-05-30 08:47:56,028 | INFO | Using class 'accuracy' from current module: <class 'metrics.sklearn_wrapper.Accuracy'>, module name: metrics.build
2025-05-30 08:47:56,028 | INFO | Using class 'precision' from current module: <class 'metrics.sklearn_wrapper.Precision'>, module name: metrics.build
2025-05-30 08:47:56,029 | INFO | Using class 'recall' from current module: <class 'metrics.sklearn_wrapper.Recall'>, module name: metrics.build
2025-05-30 08:47:56,030 | INFO | Using class 'f1' from current module: <class 'metrics.sklearn_wrapper.F1Score'>, module name: metrics.build
2025-05-30 08:47:56,032 | CRITICAL | <class 'data.base.BaseDataset'>
2025-05-30 08:47:56,033 | CRITICAL | <class 'data.mnist.MNISTDataset'>
2025-05-30 08:48:30,317 | INFO | Using class 'ce' from current module: <class 'torch.nn.modules.loss.CrossEntropyLoss'>, module name: losses.build
2025-05-30 08:48:30,319 | CRITICAL | <class 'losses.base.BaseLoss'>
2025-05-30 08:48:30,320 | CRITICAL | <class 'losses.focal.FocalLoss'>
2025-05-30 08:48:30,320 | WARNING | Class '<class 'losses.focal.FocalLoss'>' does not define 'get_alias' which is a must!
2025-05-30 08:48:30,320 | INFO | Using class 'focal_loss' from current module: <class 'losses.focal.FocalLoss'>, module name: losses.build
2025-05-30 08:48:30,321 | INFO | Using class 'accuracy' from current module: <class 'metrics.sklearn_wrapper.Accuracy'>, module name: metrics.build
2025-05-30 08:48:30,321 | INFO | Using class 'precision' from current module: <class 'metrics.sklearn_wrapper.Precision'>, module name: metrics.build
2025-05-30 08:48:30,322 | INFO | Using class 'recall' from current module: <class 'metrics.sklearn_wrapper.Recall'>, module name: metrics.build
2025-05-30 08:48:30,322 | INFO | Using class 'f1' from current module: <class 'metrics.sklearn_wrapper.F1Score'>, module name: metrics.build
2025-05-30 08:48:30,325 | CRITICAL | <class 'data.base.BaseDataset'>
2025-05-30 08:48:30,326 | CRITICAL | <class 'data.mnist.MNISTDataset'>
2025-05-30 08:48:30,326 | WARNING | Class '<class 'data.mnist.MNISTDataset'>' does not define 'get_alias' which is a must!
2025-05-30 08:49:16,807 | INFO | Using class 'ce' from current module: <class 'torch.nn.modules.loss.CrossEntropyLoss'>, module name: losses.build
2025-05-30 08:49:16,809 | INFO | Using class 'focal_loss' from current module: <class 'losses.focal.FocalLoss'>, module name: losses.build
2025-05-30 08:49:16,810 | INFO | Using class 'accuracy' from current module: <class 'metrics.sklearn_wrapper.Accuracy'>, module name: metrics.build
2025-05-30 08:49:16,810 | INFO | Using class 'precision' from current module: <class 'metrics.sklearn_wrapper.Precision'>, module name: metrics.build
2025-05-30 08:49:16,811 | INFO | Using class 'recall' from current module: <class 'metrics.sklearn_wrapper.Recall'>, module name: metrics.build
2025-05-30 08:49:16,812 | INFO | Using class 'f1' from current module: <class 'metrics.sklearn_wrapper.F1Score'>, module name: metrics.build
2025-05-30 08:49:16,817 | WARNING | Class '<class 'data.mnist.MNISTDataset'>' does not define 'get_alias' which is a must!
2025-05-30 08:49:16,818 | WARNING | Class 'mnist' not found in directory 'data'
2025-05-30 08:51:11,600 | INFO | Using class 'ce' from current module: <class 'torch.nn.modules.loss.CrossEntropyLoss'>, module name: losses.build
2025-05-30 08:51:11,603 | INFO | Using class 'focal_loss' from current module: <class 'losses.focal.FocalLoss'>, module name: losses.build
2025-05-30 08:51:11,603 | INFO | Using class 'accuracy' from current module: <class 'metrics.sklearn_wrapper.Accuracy'>, module name: metrics.build
2025-05-30 08:51:11,604 | INFO | Using class 'precision' from current module: <class 'metrics.sklearn_wrapper.Precision'>, module name: metrics.build
2025-05-30 08:51:11,604 | INFO | Using class 'recall' from current module: <class 'metrics.sklearn_wrapper.Recall'>, module name: metrics.build
2025-05-30 08:51:11,604 | INFO | Using class 'f1' from current module: <class 'metrics.sklearn_wrapper.F1Score'>, module name: metrics.build
2025-05-30 08:53:05,215 | INFO | Using class 'ce' from current module: <class 'torch.nn.modules.loss.CrossEntropyLoss'>, module name: losses.build
2025-05-30 08:53:05,218 | INFO | Using class 'focal_loss' from current module: <class 'losses.focal.FocalLoss'>, module name: losses.build
2025-05-30 08:53:05,219 | INFO | Using class 'accuracy' from current module: <class 'metrics.sklearn_wrapper.Accuracy'>, module name: metrics.build
2025-05-30 08:53:05,220 | INFO | Using class 'precision' from current module: <class 'metrics.sklearn_wrapper.Precision'>, module name: metrics.build
2025-05-30 08:53:05,220 | INFO | Using class 'recall' from current module: <class 'metrics.sklearn_wrapper.Recall'>, module name: metrics.build
2025-05-30 08:53:05,221 | INFO | Using class 'f1' from current module: <class 'metrics.sklearn_wrapper.F1Score'>, module name: metrics.build
2025-05-30 08:54:13,795 | INFO | Using class 'ce' from current module: <class 'torch.nn.modules.loss.CrossEntropyLoss'>, module name: losses.build
2025-05-30 08:54:13,798 | INFO | Using class 'focal_loss' from current module: <class 'losses.focal.FocalLoss'>, module name: losses.build
2025-05-30 08:54:13,798 | INFO | Using class 'accuracy' from current module: <class 'metrics.sklearn_wrapper.Accuracy'>, module name: metrics.build
2025-05-30 08:54:13,799 | INFO | Using class 'precision' from current module: <class 'metrics.sklearn_wrapper.Precision'>, module name: metrics.build
2025-05-30 08:54:13,800 | INFO | Using class 'recall' from current module: <class 'metrics.sklearn_wrapper.Recall'>, module name: metrics.build
2025-05-30 08:54:13,800 | INFO | Using class 'f1' from current module: <class 'metrics.sklearn_wrapper.F1Score'>, module name: metrics.build
2025-05-30 08:55:03,624 | INFO | Using class 'ce' from current module: <class 'torch.nn.modules.loss.CrossEntropyLoss'>, module name: losses.build
2025-05-30 08:55:03,627 | INFO | Using class 'focal_loss' from current module: <class 'losses.focal.FocalLoss'>, module name: losses.build
2025-05-30 08:55:03,627 | INFO | Using class 'accuracy' from current module: <class 'metrics.sklearn_wrapper.Accuracy'>, module name: metrics.build
2025-05-30 08:55:03,628 | INFO | Using class 'precision' from current module: <class 'metrics.sklearn_wrapper.Precision'>, module name: metrics.build
2025-05-30 08:55:03,628 | INFO | Using class 'recall' from current module: <class 'metrics.sklearn_wrapper.Recall'>, module name: metrics.build
2025-05-30 08:55:03,629 | INFO | Using class 'f1' from current module: <class 'metrics.sklearn_wrapper.F1Score'>, module name: metrics.build
2025-05-30 08:55:43,836 | INFO | Using class 'ce' from current module: <class 'torch.nn.modules.loss.CrossEntropyLoss'>, module name: losses.build
2025-05-30 08:55:43,838 | INFO | Using class 'focal_loss' from current module: <class 'losses.focal.FocalLoss'>, module name: losses.build
2025-05-30 08:55:43,838 | INFO | Using class 'accuracy' from current module: <class 'metrics.sklearn_wrapper.Accuracy'>, module name: metrics.build
2025-05-30 08:55:43,839 | INFO | Using class 'precision' from current module: <class 'metrics.sklearn_wrapper.Precision'>, module name: metrics.build
2025-05-30 08:55:43,839 | INFO | Using class 'recall' from current module: <class 'metrics.sklearn_wrapper.Recall'>, module name: metrics.build
2025-05-30 08:55:43,840 | INFO | Using class 'f1' from current module: <class 'metrics.sklearn_wrapper.F1Score'>, module name: metrics.build
2025-05-30 09:07:46,975 | INFO | Using class 'ce' from current module: <class 'torch.nn.modules.loss.CrossEntropyLoss'>, module name: losses.build
2025-05-30 09:07:46,977 | INFO | Using class 'focal_loss' from current module: <class 'losses.focal.FocalLoss'>, module name: losses.build
2025-05-30 09:07:46,978 | INFO | Using class 'accuracy' from current module: <class 'metrics.sklearn_wrapper.Accuracy'>, module name: metrics.build
2025-05-30 09:07:46,979 | INFO | Using class 'precision' from current module: <class 'metrics.sklearn_wrapper.Precision'>, module name: metrics.build
2025-05-30 09:07:46,979 | INFO | Using class 'recall' from current module: <class 'metrics.sklearn_wrapper.Recall'>, module name: metrics.build
2025-05-30 09:07:46,980 | INFO | Using class 'f1' from current module: <class 'metrics.sklearn_wrapper.F1Score'>, module name: metrics.build
2025-05-30 09:29:41,327 | INFO | Using class 'ce' from current module: <class 'torch.nn.modules.loss.CrossEntropyLoss'>, module name: losses.build
2025-05-30 09:29:41,330 | INFO | Using class 'focal_loss' from current module: <class 'losses.focal.FocalLoss'>, module name: losses.build
2025-05-30 09:29:41,330 | INFO | Using class 'accuracy' from current module: <class 'metrics.sklearn_wrapper.Accuracy'>, module name: metrics.build
2025-05-30 09:29:41,331 | INFO | Using class 'precision' from current module: <class 'metrics.sklearn_wrapper.Precision'>, module name: metrics.build
2025-05-30 09:29:41,331 | INFO | Using class 'recall' from current module: <class 'metrics.sklearn_wrapper.Recall'>, module name: metrics.build
2025-05-30 09:29:41,331 | INFO | Using class 'f1' from current module: <class 'metrics.sklearn_wrapper.F1Score'>, module name: metrics.build
2025-05-30 09:41:35,546 | INFO | Using class 'ce' from current module: <class 'torch.nn.modules.loss.CrossEntropyLoss'>, module name: losses.build
2025-05-30 09:41:35,549 | INFO | Using class 'focal_loss' from current module: <class 'losses.focal.FocalLoss'>, module name: losses.build
2025-05-30 09:41:35,550 | INFO | Using class 'accuracy' from current module: <class 'metrics.sklearn_wrapper.Accuracy'>, module name: metrics.build
2025-05-30 09:41:35,550 | INFO | Using class 'precision' from current module: <class 'metrics.sklearn_wrapper.Precision'>, module name: metrics.build
2025-05-30 09:41:35,551 | INFO | Using class 'recall' from current module: <class 'metrics.sklearn_wrapper.Recall'>, module name: metrics.build
2025-05-30 09:41:35,551 | INFO | Using class 'f1' from current module: <class 'metrics.sklearn_wrapper.F1Score'>, module name: metrics.build
2025-05-30 09:43:30,246 | INFO | Using class 'ce' from current module: <class 'torch.nn.modules.loss.CrossEntropyLoss'>, module name: losses.build
2025-05-30 09:43:30,249 | INFO | Using class 'focal_loss' from current module: <class 'losses.focal.FocalLoss'>, module name: losses.build
2025-05-30 09:43:30,250 | INFO | Using class 'accuracy' from current module: <class 'metrics.sklearn_wrapper.Accuracy'>, module name: metrics.build
2025-05-30 09:43:30,250 | INFO | Using class 'precision' from current module: <class 'metrics.sklearn_wrapper.Precision'>, module name: metrics.build
2025-05-30 09:43:30,251 | INFO | Using class 'recall' from current module: <class 'metrics.sklearn_wrapper.Recall'>, module name: metrics.build
2025-05-30 09:43:30,252 | INFO | Using class 'f1' from current module: <class 'metrics.sklearn_wrapper.F1Score'>, module name: metrics.build
2025-05-30 09:43:30,264 | WARNING | Class '<class 'metrics.custom_metric.CustomMetric'>' does not define 'get_alias' which is a must!
2025-05-30 09:43:30,265 | WARNING | Class with alias 'custom_metric' not found in directory 'metrics'
2025-05-30 09:44:04,663 | INFO | Using class 'ce' from current module: <class 'torch.nn.modules.loss.CrossEntropyLoss'>, module name: losses.build
2025-05-30 09:44:04,665 | INFO | Using class 'focal_loss' from current module: <class 'losses.focal.FocalLoss'>, module name: losses.build
2025-05-30 09:44:04,666 | INFO | Using class 'accuracy' from current module: <class 'metrics.sklearn_wrapper.Accuracy'>, module name: metrics.build
2025-05-30 09:44:04,666 | INFO | Using class 'precision' from current module: <class 'metrics.sklearn_wrapper.Precision'>, module name: metrics.build
2025-05-30 09:44:04,667 | INFO | Using class 'recall' from current module: <class 'metrics.sklearn_wrapper.Recall'>, module name: metrics.build
2025-05-30 09:44:04,667 | INFO | Using class 'f1' from current module: <class 'metrics.sklearn_wrapper.F1Score'>, module name: metrics.build
2025-05-30 09:44:04,671 | WARNING | Class '<class 'metrics.custom_metric.CustomMetric'>' does not define 'get_alias' which is a must!
2025-05-30 09:44:04,672 | WARNING | Class with alias 'custom_metric' not found in directory 'metrics'
2025-05-30 09:52:21,703 | INFO | Using class 'ce' from current module: <class 'torch.nn.modules.loss.CrossEntropyLoss'>, module name: losses.build
2025-05-30 09:52:21,705 | INFO | Using class 'focal_loss' from current module: <class 'losses.focal.FocalLoss'>, module name: losses.build
2025-05-30 09:52:21,706 | INFO | Using class 'accuracy' from current module: <class 'metrics.sklearn_wrapper.Accuracy'>, module name: metrics.build
2025-05-30 09:52:21,706 | INFO | Using class 'precision' from current module: <class 'metrics.sklearn_wrapper.Precision'>, module name: metrics.build
2025-05-30 09:52:21,707 | INFO | Using class 'recall' from current module: <class 'metrics.sklearn_wrapper.Recall'>, module name: metrics.build
2025-05-30 09:52:21,708 | INFO | Using class 'f1' from current module: <class 'metrics.sklearn_wrapper.F1Score'>, module name: metrics.build
2025-05-30 09:52:21,710 | WARNING | Class '<class 'metrics.custom_metric.CustomMetric'>' does not define 'get_alias' which is a must!
2025-05-30 09:52:21,710 | WARNING | Class with alias 'custom_metric' not found in directory 'metrics'
2025-05-30 09:52:56,807 | INFO | Using class 'ce' from current module: <class 'torch.nn.modules.loss.CrossEntropyLoss'>, module name: losses.build
2025-05-30 09:52:56,810 | INFO | Using class 'focal_loss' from current module: <class 'losses.focal.FocalLoss'>, module name: losses.build
2025-05-30 09:52:56,811 | INFO | Using class 'accuracy' from current module: <class 'metrics.sklearn_wrapper.Accuracy'>, module name: metrics.build
2025-05-30 09:52:56,811 | INFO | Using class 'precision' from current module: <class 'metrics.sklearn_wrapper.Precision'>, module name: metrics.build
2025-05-30 09:52:56,812 | INFO | Using class 'recall' from current module: <class 'metrics.sklearn_wrapper.Recall'>, module name: metrics.build
2025-05-30 09:52:56,812 | INFO | Using class 'f1' from current module: <class 'metrics.sklearn_wrapper.F1Score'>, module name: metrics.build
2025-05-30 09:52:56,817 | INFO | Using class 'custom_metric' from current module: <class 'metrics.custom_metric.CustomMetric'>, module name: metrics.build
2025-05-30 09:53:20,948 | INFO | Using class 'ce' from current module: <class 'torch.nn.modules.loss.CrossEntropyLoss'>, module name: losses.build
2025-05-30 09:53:20,951 | INFO | Using class 'focal_loss' from current module: <class 'losses.focal.FocalLoss'>, module name: losses.build
2025-05-30 09:53:20,952 | INFO | Using class 'accuracy' from current module: <class 'metrics.sklearn_wrapper.Accuracy'>, module name: metrics.build
2025-05-30 09:53:20,952 | INFO | Using class 'precision' from current module: <class 'metrics.sklearn_wrapper.Precision'>, module name: metrics.build
2025-05-30 09:53:20,953 | INFO | Using class 'recall' from current module: <class 'metrics.sklearn_wrapper.Recall'>, module name: metrics.build
2025-05-30 09:53:20,953 | INFO | Using class 'f1' from current module: <class 'metrics.sklearn_wrapper.F1Score'>, module name: metrics.build
2025-05-30 09:53:20,958 | WARNING | Class with alias 'custom_metric' not found in directory 'metrics'
2025-05-30 09:56:22,880 | INFO | Using class 'ce' from current module: <class 'torch.nn.modules.loss.CrossEntropyLoss'>, module name: losses.build
2025-05-30 09:56:22,886 | INFO | Using class 'focal_loss' from current module: <class 'losses.focal.FocalLoss'>, module name: losses.build
2025-05-30 09:56:22,887 | INFO | Using class 'accuracy' from current module: <class 'metrics.sklearn_wrapper.Accuracy'>, module name: metrics.build
2025-05-30 09:56:22,888 | INFO | Using class 'precision' from current module: <class 'metrics.sklearn_wrapper.Precision'>, module name: metrics.build
2025-05-30 09:56:22,888 | INFO | Using class 'recall' from current module: <class 'metrics.sklearn_wrapper.Recall'>, module name: metrics.build
2025-05-30 09:56:22,889 | INFO | Using class 'f1' from current module: <class 'metrics.sklearn_wrapper.F1Score'>, module name: metrics.build
2025-05-30 09:56:22,889 | WARNING | Class with alias 'custom_metric' not found in directory 'metrics'
2025-05-30 09:57:39,957 | INFO | Using class 'ce' from current module: <class 'torch.nn.modules.loss.CrossEntropyLoss'>, module name: losses.build
2025-05-30 09:57:39,962 | INFO | Using class 'focal_loss' from current module: <class 'losses.focal.FocalLoss'>, module name: losses.build
2025-05-30 09:57:39,963 | INFO | Using class 'accuracy' from current module: <class 'metrics.sklearn_wrapper.Accuracy'>, module name: metrics.build
2025-05-30 09:57:39,964 | INFO | Using class 'precision' from current module: <class 'metrics.sklearn_wrapper.Precision'>, module name: metrics.build
2025-05-30 09:57:39,965 | INFO | Using class 'recall' from current module: <class 'metrics.sklearn_wrapper.Recall'>, module name: metrics.build
2025-05-30 09:57:39,965 | INFO | Using class 'f1' from current module: <class 'metrics.sklearn_wrapper.F1Score'>, module name: metrics.build
2025-05-30 10:02:59,199 | INFO | Using class 'ce' from current module: <class 'torch.nn.modules.loss.CrossEntropyLoss'>, module name: losses.build
2025-05-30 10:02:59,202 | INFO | Using class 'focal_loss' from current module: <class 'losses.focal.FocalLoss'>, module name: losses.build
2025-05-30 10:02:59,203 | INFO | Using class 'accuracy' from current module: <class 'metrics.sklearn_wrapper.Accuracy'>, module name: metrics.build
2025-05-30 10:02:59,203 | INFO | Using class 'precision' from current module: <class 'metrics.sklearn_wrapper.Precision'>, module name: metrics.build
2025-05-30 10:02:59,203 | INFO | Using class 'recall' from current module: <class 'metrics.sklearn_wrapper.Recall'>, module name: metrics.build
2025-05-30 10:02:59,204 | INFO | Using class 'f1' from current module: <class 'metrics.sklearn_wrapper.F1Score'>, module name: metrics.build
2025-05-30 10:02:59,207 | CRITICAL | Function ---main--- Done! - Took 51.74530006479472 milliseconds.
2025-05-30 10:03:36,210 | INFO | Using class 'ce' from current module: <class 'torch.nn.modules.loss.CrossEntropyLoss'>, module name: losses.build
2025-05-30 10:03:36,213 | INFO | Using class 'focal_loss' from current module: <class 'losses.focal.FocalLoss'>, module name: losses.build
2025-05-30 10:03:36,213 | INFO | Using class 'accuracy' from current module: <class 'metrics.sklearn_wrapper.Accuracy'>, module name: metrics.build
2025-05-30 10:03:36,214 | INFO | Using class 'precision' from current module: <class 'metrics.sklearn_wrapper.Precision'>, module name: metrics.build
2025-05-30 10:03:36,214 | INFO | Using class 'recall' from current module: <class 'metrics.sklearn_wrapper.Recall'>, module name: metrics.build
2025-05-30 10:03:36,214 | INFO | Using class 'f1' from current module: <class 'metrics.sklearn_wrapper.F1Score'>, module name: metrics.build
2025-05-30 10:03:36,221 | CRITICAL | Function ---main--- Done! - Took 56.811299989931285 milliseconds.
2025-05-30 14:30:32,623 | INFO | Using class 'ce' from current module: <class 'torch.nn.modules.loss.CrossEntropyLoss'>, module name: losses.build
2025-05-30 14:30:32,637 | INFO | Using class 'focal_loss' from current module: <class 'losses.focal.FocalLoss'>, module name: losses.build
2025-05-30 14:30:32,638 | INFO | Using class 'accuracy' from current module: <class 'metrics.sklearn_wrapper.Accuracy'>, module name: metrics.build
2025-05-30 14:30:32,639 | INFO | Using class 'precision' from current module: <class 'metrics.sklearn_wrapper.Precision'>, module name: metrics.build
2025-05-30 14:30:32,639 | INFO | Using class 'recall' from current module: <class 'metrics.sklearn_wrapper.Recall'>, module name: metrics.build
2025-05-30 14:30:32,639 | INFO | Using class 'f1' from current module: <class 'metrics.sklearn_wrapper.F1Score'>, module name: metrics.build
2025-05-30 14:30:32,643 | INFO | Using dataset 'mnist' from current module: <data.mnist.MNISTDataset object at 0x000001C615F3DE80>, module name: data.build
2025-05-30 14:30:32,650 | CRITICAL | Function ---main--- Done! - Took 74.26340000029086 milliseconds.
2025-05-30 14:32:27,208 | INFO | Using class 'ce' from current module: <class 'torch.nn.modules.loss.CrossEntropyLoss'>, module name: losses.build
2025-05-30 14:32:27,209 | INFO | Using class 'focal_loss' from current module: <class 'losses.focal.FocalLoss'>, module name: losses.build
2025-05-30 14:32:27,210 | INFO | Using class 'accuracy' from current module: <class 'metrics.sklearn_wrapper.Accuracy'>, module name: metrics.build
2025-05-30 14:32:27,210 | INFO | Using class 'precision' from current module: <class 'metrics.sklearn_wrapper.Precision'>, module name: metrics.build
2025-05-30 14:32:27,211 | INFO | Using class 'recall' from current module: <class 'metrics.sklearn_wrapper.Recall'>, module name: metrics.build
2025-05-30 14:32:27,211 | INFO | Using class 'f1' from current module: <class 'metrics.sklearn_wrapper.F1Score'>, module name: metrics.build
2025-05-30 14:32:27,214 | INFO | Using dataset 'mnist' from current module: MNISTDataset, module name: data.build
2025-05-30 14:32:27,216 | CRITICAL | Function ---main--- Done! - Took 49.70880000018951 milliseconds.
2025-05-30 14:56:09,641 | INFO | Using class 'ce' from current module: <class 'torch.nn.modules.loss.CrossEntropyLoss'>, module name: losses.build
2025-05-30 14:56:09,643 | INFO | Using class 'focal_loss' from current module: <class 'losses.focal.FocalLoss'>, module name: losses.build
2025-05-30 14:56:09,644 | INFO | Using class 'accuracy' from current module: <class 'metrics.sklearn_wrapper.Accuracy'>, module name: metrics.build
2025-05-30 14:56:09,645 | INFO | Using class 'precision' from current module: <class 'metrics.sklearn_wrapper.Precision'>, module name: metrics.build
2025-05-30 14:56:09,645 | INFO | Using class 'recall' from current module: <class 'metrics.sklearn_wrapper.Recall'>, module name: metrics.build
2025-05-30 14:56:09,645 | INFO | Using class 'f1' from current module: <class 'metrics.sklearn_wrapper.F1Score'>, module name: metrics.build
2025-05-30 14:56:21,801 | INFO | Using dataset 'mnist' from current module: MNISTDataset, module name: data.build
2025-05-30 14:56:21,804 | CRITICAL | Function ---main--- Done! - Took 12.21687060000022 seconds.
2025-05-30 15:17:11,978 | INFO | Using class 'ce' from current module: <class 'torch.nn.modules.loss.CrossEntropyLoss'>, module name: losses.build
2025-05-30 15:17:11,981 | INFO | Using class 'focal_loss' from current module: <class 'losses.focal.FocalLoss'>, module name: losses.build
2025-05-30 15:17:11,982 | INFO | Using class 'accuracy' from current module: <class 'metrics.sklearn_wrapper.Accuracy'>, module name: metrics.build
2025-05-30 15:17:11,983 | INFO | Using class 'precision' from current module: <class 'metrics.sklearn_wrapper.Precision'>, module name: metrics.build
2025-05-30 15:17:11,983 | INFO | Using class 'recall' from current module: <class 'metrics.sklearn_wrapper.Recall'>, module name: metrics.build
2025-05-30 15:17:11,984 | INFO | Using class 'f1' from current module: <class 'metrics.sklearn_wrapper.F1Score'>, module name: metrics.build
2025-05-30 15:17:25,829 | INFO | Using dataset 'mnist' from current module: MNISTDataset, module name: data.build
2025-05-30 15:17:25,864 | CRITICAL | Function ---main--- Done! - Took 13.930956000000151 seconds.
2025-05-30 15:41:17,439 | INFO | Using class 'ce' from current module: type, module name: losses.build
2025-05-30 15:41:17,442 | INFO | Using class 'focal_loss' from current module: ABCMeta, module name: losses.build
2025-05-30 15:41:17,442 | INFO | Using class 'accuracy' from current module: type, module name: metrics.build
2025-05-30 15:41:17,443 | INFO | Using class 'precision' from current module: type, module name: metrics.build
2025-05-30 15:41:17,444 | INFO | Using class 'recall' from current module: type, module name: metrics.build
2025-05-30 15:41:17,444 | INFO | Using class 'f1' from current module: type, module name: metrics.build
2025-05-30 15:41:33,659 | INFO | Using dataset 'mnist' from current module: MNISTDataset, module name: data.build
2025-05-30 15:41:33,692 | CRITICAL | Function ---main--- Done! - Took 16.30560500000047 seconds.
2025-05-30 15:47:31,604 | INFO | Using class 'ce' from current module: type, module name: losses.build
2025-05-30 15:47:31,607 | INFO | Using class 'focal_loss' from current module: ABCMeta, module name: losses.build
2025-05-30 15:47:31,608 | INFO | Using class 'accuracy' from current module: type, module name: metrics.build
2025-05-30 15:47:31,608 | INFO | Using class 'precision' from current module: type, module name: metrics.build
2025-05-30 15:47:31,609 | INFO | Using class 'recall' from current module: type, module name: metrics.build
2025-05-30 15:47:31,609 | INFO | Using class 'f1' from current module: type, module name: metrics.build
2025-05-30 15:47:44,192 | INFO | Using dataset 'mnist' from current module: MNISTDataset, module name: data.build
2025-05-30 15:47:56,787 | INFO | Using dataset 'mnist' from current module: MNISTDataset, module name: data.build
2025-05-30 15:47:56,797 | INFO | Using dataset 'mnist' from current module: MNISTDataset, module name: data.build
2025-05-30 15:48:58,287 | INFO | Using class 'ce' from current module: type, module name: losses.build
2025-05-30 15:48:58,292 | INFO | Using class 'focal_loss' from current module: ABCMeta, module name: losses.build
2025-05-30 15:48:58,293 | INFO | Using class 'accuracy' from current module: type, module name: metrics.build
2025-05-30 15:48:58,293 | INFO | Using class 'precision' from current module: type, module name: metrics.build
2025-05-30 15:48:58,294 | INFO | Using class 'recall' from current module: type, module name: metrics.build
2025-05-30 15:48:58,294 | INFO | Using class 'f1' from current module: type, module name: metrics.build
2025-05-30 15:49:13,693 | INFO | Using 'mnist' trainset from current module: MNISTDataset, module name: data.build
2025-05-30 15:49:27,520 | INFO | Using 'mnist' valset from current module: MNISTDataset, module name: data.build
2025-05-30 15:49:27,528 | INFO | Using 'mnist' testset from current module: MNISTDataset, module name: data.build
2025-05-30 15:53:13,774 | INFO | Using class 'ce' from current module: type, module name: losses.build
2025-05-30 15:53:13,778 | INFO | Using class 'focal_loss' from current module: ABCMeta, module name: losses.build
2025-05-30 15:53:13,778 | INFO | Using class 'accuracy' from current module: type, module name: metrics.build
2025-05-30 15:53:13,779 | INFO | Using class 'precision' from current module: type, module name: metrics.build
2025-05-30 15:53:13,780 | INFO | Using class 'recall' from current module: type, module name: metrics.build
2025-05-30 15:53:13,780 | INFO | Using class 'f1' from current module: type, module name: metrics.build
2025-05-30 15:53:30,073 | INFO | Using 'mnist' trainset from current module: MNISTDataset, module name: data.build
2025-05-30 15:53:44,024 | INFO | Using 'mnist' valset from current module: MNISTDataset, module name: data.build
2025-05-30 15:53:44,035 | INFO | Using 'mnist' testset from current module: MNISTDataset, module name: data.build
2025-05-30 15:54:24,188 | INFO | Using class 'ce' from current module: type, module name: losses.build
2025-05-30 15:54:24,190 | INFO | Using class 'focal_loss' from current module: ABCMeta, module name: losses.build
2025-05-30 15:54:24,191 | INFO | Using class 'accuracy' from current module: type, module name: metrics.build
2025-05-30 15:54:24,191 | INFO | Using class 'precision' from current module: type, module name: metrics.build
2025-05-30 15:54:24,192 | INFO | Using class 'recall' from current module: type, module name: metrics.build
2025-05-30 15:54:24,192 | INFO | Using class 'f1' from current module: type, module name: metrics.build
2025-05-30 15:54:39,150 | INFO | Using 'mnist' trainset from current module: MNISTDataset, module name: data.build
2025-05-30 15:54:53,296 | INFO | Using 'mnist' valset from current module: MNISTDataset, module name: data.build
2025-05-30 15:54:53,307 | INFO | Using 'mnist' testset from current module: MNISTDataset, module name: data.build
2025-05-30 15:55:45,384 | INFO | Using class 'ce' from current module: type, module name: losses.build
2025-05-30 15:55:45,387 | INFO | Using class 'focal_loss' from current module: ABCMeta, module name: losses.build
2025-05-30 15:55:45,387 | INFO | Using class 'accuracy' from current module: type, module name: metrics.build
2025-05-30 15:55:45,387 | INFO | Using class 'precision' from current module: type, module name: metrics.build
2025-05-30 15:55:45,387 | INFO | Using class 'recall' from current module: type, module name: metrics.build
2025-05-30 15:55:45,388 | INFO | Using class 'f1' from current module: type, module name: metrics.build
2025-05-30 15:55:57,622 | INFO | Using mnist train set from current module: MNISTDataset, module name: data.build
2025-05-30 15:56:11,749 | INFO | Using mnist val set from current module: MNISTDataset, module name: data.build
2025-05-30 15:56:11,757 | INFO | Using mnist test set from current module: MNISTDataset, module name: data.build
2025-05-30 15:56:11,758 | INFO | Starting training for 10 epochs.
2025-05-30 15:59:13,263 | INFO | Using class 'ce' from current module: type, module name: losses.build
2025-05-30 15:59:13,265 | INFO | Using class 'focal_loss' from current module: ABCMeta, module name: losses.build
2025-05-30 15:59:13,265 | INFO | Using class 'accuracy' from current module: type, module name: metrics.build
2025-05-30 15:59:13,265 | INFO | Using class 'precision' from current module: type, module name: metrics.build
2025-05-30 15:59:13,266 | INFO | Using class 'recall' from current module: type, module name: metrics.build
2025-05-30 15:59:13,266 | INFO | Using class 'f1' from current module: type, module name: metrics.build
2025-05-30 15:59:25,915 | INFO | Using mnist train set from current module: MNISTDataset, module name: data.build
2025-05-30 15:59:40,407 | INFO | Using mnist val set from current module: MNISTDataset, module name: data.build
2025-05-30 15:59:40,424 | INFO | Using mnist test set from current module: MNISTDataset, module name: data.build
2025-05-30 15:59:40,427 | INFO | Starting training for 10 epochs.
2025-05-30 16:00:31,710 | INFO | Using class 'ce' from current module: type, module name: losses.build
2025-05-30 16:00:31,712 | INFO | Using class 'focal_loss' from current module: ABCMeta, module name: losses.build
2025-05-30 16:00:31,712 | INFO | Using class 'accuracy' from current module: type, module name: metrics.build
2025-05-30 16:00:31,713 | INFO | Using class 'precision' from current module: type, module name: metrics.build
2025-05-30 16:00:31,714 | INFO | Using class 'recall' from current module: type, module name: metrics.build
2025-05-30 16:00:31,714 | INFO | Using class 'f1' from current module: type, module name: metrics.build
2025-05-30 16:00:47,278 | INFO | Using mnist train set from current module: MNISTDataset, module name: data.build
2025-05-30 16:01:00,687 | INFO | Using mnist val set from current module: MNISTDataset, module name: data.build
2025-05-30 16:01:00,697 | INFO | Using mnist test set from current module: MNISTDataset, module name: data.build
2025-05-30 16:01:00,699 | INFO | Starting training for 10 epochs.
2025-05-30 16:11:25,409 | INFO | Using class 'ce' from current module: type, module name: losses.build
2025-05-30 16:11:25,411 | INFO | Using class 'focal_loss' from current module: ABCMeta, module name: losses.build
2025-05-30 16:11:25,412 | INFO | Using class 'accuracy' from current module: type, module name: metrics.build
2025-05-30 16:11:25,412 | INFO | Using class 'precision' from current module: type, module name: metrics.build
2025-05-30 16:11:25,412 | INFO | Using class 'recall' from current module: type, module name: metrics.build
2025-05-30 16:11:25,413 | INFO | Using class 'f1' from current module: type, module name: metrics.build
2025-05-30 16:11:37,292 | INFO | Using mnist train set from current module: MNISTDataset, module name: data.build
2025-05-30 16:11:48,890 | INFO | Using mnist val set from current module: MNISTDataset, module name: data.build
2025-05-30 16:11:48,897 | INFO | Using mnist test set from current module: MNISTDataset, module name: data.build
2025-05-30 16:11:48,901 | WARNING | Class with alias 'base_nn' not found in directory 'models'
2025-05-30 16:22:49,093 | INFO | Using class 'ce' from current module: type, module name: losses.build
2025-05-30 16:22:49,095 | INFO | Using class 'focal_loss' from current module: ABCMeta, module name: losses.build
2025-05-30 16:22:49,096 | INFO | Using class 'accuracy' from current module: type, module name: metrics.build
2025-05-30 16:22:49,097 | INFO | Using class 'precision' from current module: type, module name: metrics.build
2025-05-30 16:22:49,097 | INFO | Using class 'recall' from current module: type, module name: metrics.build
2025-05-30 16:22:49,098 | INFO | Using class 'f1' from current module: type, module name: metrics.build
2025-05-30 16:23:00,679 | INFO | Using mnist train set from current module: MNISTDataset, module name: data.build
2025-05-30 16:23:11,950 | INFO | Using mnist val set from current module: MNISTDataset, module name: data.build
2025-05-30 16:23:11,957 | INFO | Using mnist test set from current module: MNISTDataset, module name: data.build
2025-05-30 16:23:11,960 | WARNING | Class with alias 'base_nn' not found in directory 'models'
2025-05-30 16:23:50,704 | INFO | Using class 'ce' from current module: type, module name: losses.build
2025-05-30 16:23:50,707 | INFO | Using class 'focal_loss' from current module: ABCMeta, module name: losses.build
2025-05-30 16:23:50,707 | INFO | Using class 'accuracy' from current module: type, module name: metrics.build
2025-05-30 16:23:50,708 | INFO | Using class 'precision' from current module: type, module name: metrics.build
2025-05-30 16:23:50,709 | INFO | Using class 'recall' from current module: type, module name: metrics.build
2025-05-30 16:23:50,709 | INFO | Using class 'f1' from current module: type, module name: metrics.build
2025-05-30 16:24:03,860 | INFO | Using mnist train set from current module: MNISTDataset, module name: data.build
2025-05-30 16:24:16,725 | INFO | Using mnist val set from current module: MNISTDataset, module name: data.build
2025-05-30 16:24:16,733 | INFO | Using mnist test set from current module: MNISTDataset, module name: data.build
2025-05-30 16:24:16,735 | WARNING | Class with alias 'base_nn' not found in directory 'models'
2025-05-30 16:26:19,172 | INFO | Using class 'ce' from current module: type, module name: losses.build
2025-05-30 16:26:19,177 | INFO | Using class 'focal_loss' from current module: ABCMeta, module name: losses.build
2025-05-30 16:26:19,177 | INFO | Using class 'accuracy' from current module: type, module name: metrics.build
2025-05-30 16:26:19,178 | INFO | Using class 'precision' from current module: type, module name: metrics.build
2025-05-30 16:26:19,178 | INFO | Using class 'recall' from current module: type, module name: metrics.build
2025-05-30 16:26:19,178 | INFO | Using class 'f1' from current module: type, module name: metrics.build
2025-05-30 16:26:30,808 | INFO | Using mnist train set from current module: MNISTDataset, module name: data.build
2025-05-30 16:26:42,191 | INFO | Using mnist val set from current module: MNISTDataset, module name: data.build
2025-05-30 16:26:42,198 | INFO | Using mnist test set from current module: MNISTDataset, module name: data.build
2025-05-30 16:27:18,396 | INFO | Using class 'ce' from current module: type, module name: losses.build
2025-05-30 16:27:18,399 | INFO | Using class 'focal_loss' from current module: ABCMeta, module name: losses.build
2025-05-30 16:27:18,400 | INFO | Using class 'accuracy' from current module: type, module name: metrics.build
2025-05-30 16:27:18,401 | INFO | Using class 'precision' from current module: type, module name: metrics.build
2025-05-30 16:27:18,401 | INFO | Using class 'recall' from current module: type, module name: metrics.build
2025-05-30 16:27:18,401 | INFO | Using class 'f1' from current module: type, module name: metrics.build
2025-05-30 16:27:30,054 | INFO | Using mnist train set from current module: MNISTDataset, module name: data.build
2025-05-30 16:27:44,056 | INFO | Using mnist val set from current module: MNISTDataset, module name: data.build
2025-05-30 16:27:44,063 | INFO | Using mnist test set from current module: MNISTDataset, module name: data.build
2025-05-30 16:27:44,078 | INFO | Starting training for 10 epochs.
2025-05-30 16:28:35,574 | INFO | Using class 'ce' from current module: type, module name: losses.build
2025-05-30 16:28:35,576 | INFO | Using class 'focal_loss' from current module: ABCMeta, module name: losses.build
2025-05-30 16:28:35,577 | INFO | Using class 'accuracy' from current module: type, module name: metrics.build
2025-05-30 16:28:35,578 | INFO | Using class 'precision' from current module: type, module name: metrics.build
2025-05-30 16:28:35,579 | INFO | Using class 'recall' from current module: type, module name: metrics.build
2025-05-30 16:28:35,579 | INFO | Using class 'f1' from current module: type, module name: metrics.build
2025-05-30 16:28:51,274 | INFO | Using mnist train set from current module: MNISTDataset, module name: data.build
2025-05-30 16:29:05,298 | INFO | Using mnist val set from current module: MNISTDataset, module name: data.build
2025-05-30 16:29:05,309 | INFO | Using mnist test set from current module: MNISTDataset, module name: data.build
2025-05-30 16:29:05,314 | INFO | Starting training for 10 epochs.
2025-05-30 16:29:37,164 | INFO | Using class 'ce' from current module: type, module name: losses.build
2025-05-30 16:29:37,166 | INFO | Using class 'focal_loss' from current module: ABCMeta, module name: losses.build
2025-05-30 16:29:37,166 | INFO | Using class 'accuracy' from current module: type, module name: metrics.build
2025-05-30 16:29:37,166 | INFO | Using class 'precision' from current module: type, module name: metrics.build
2025-05-30 16:29:37,167 | INFO | Using class 'recall' from current module: type, module name: metrics.build
2025-05-30 16:29:37,167 | INFO | Using class 'f1' from current module: type, module name: metrics.build
2025-05-30 16:29:51,185 | INFO | Using mnist train set from current module: MNISTDataset, module name: data.build
2025-05-30 16:30:05,162 | INFO | Using mnist val set from current module: MNISTDataset, module name: data.build
2025-05-30 16:30:05,170 | INFO | Using mnist test set from current module: MNISTDataset, module name: data.build
2025-05-30 16:30:05,174 | INFO | Starting training for 10 epochs.
2025-05-30 16:31:08,629 | INFO | Using class 'ce' from current module: type, module name: losses.build
2025-05-30 16:31:08,631 | INFO | Using class 'focal_loss' from current module: ABCMeta, module name: losses.build
2025-05-30 16:31:08,632 | INFO | Using class 'accuracy' from current module: type, module name: metrics.build
2025-05-30 16:31:08,632 | INFO | Using class 'precision' from current module: type, module name: metrics.build
2025-05-30 16:31:08,633 | INFO | Using class 'recall' from current module: type, module name: metrics.build
2025-05-30 16:31:08,633 | INFO | Using class 'f1' from current module: type, module name: metrics.build
2025-05-30 16:31:20,507 | INFO | Using mnist train set from current module: MNISTDataset, module name: data.build
2025-05-30 16:31:32,088 | INFO | Using mnist val set from current module: MNISTDataset, module name: data.build
2025-05-30 16:31:32,097 | INFO | Using mnist test set from current module: MNISTDataset, module name: data.build
2025-05-30 16:31:32,101 | INFO | Model lowrank_model built with 5258 parameters.
2025-05-30 16:31:32,102 | INFO | Num params:		 5258
2025-05-30 16:31:53,547 | INFO | Using class 'ce' from current module: type, module name: losses.build
2025-05-30 16:31:53,550 | INFO | Using class 'focal_loss' from current module: ABCMeta, module name: losses.build
2025-05-30 16:31:53,550 | INFO | Using class 'accuracy' from current module: type, module name: metrics.build
2025-05-30 16:31:53,550 | INFO | Using class 'precision' from current module: type, module name: metrics.build
2025-05-30 16:31:53,551 | INFO | Using class 'recall' from current module: type, module name: metrics.build
2025-05-30 16:31:53,551 | INFO | Using class 'f1' from current module: type, module name: metrics.build
2025-05-30 16:32:05,546 | INFO | Using mnist train set from current module: MNISTDataset, module name: data.build
2025-05-30 16:32:16,994 | INFO | Using mnist val set from current module: MNISTDataset, module name: data.build
2025-05-30 16:32:17,002 | INFO | Using mnist test set from current module: MNISTDataset, module name: data.build
2025-05-30 16:32:17,005 | INFO | Model lowrank_model built with 5258 parameters.
2025-05-30 16:32:17,005 | INFO | Num params:		 5258
2025-05-30 16:32:17,005 | INFO | Num trainable params:	 5258
2025-05-30 16:32:17,006 | INFO | Starting training for 10 epochs.
2025-05-30 16:34:56,242 | INFO | Using class 'ce' from current module: type, module name: losses.build
2025-05-30 16:34:56,245 | INFO | Using class 'focal_loss' from current module: ABCMeta, module name: losses.build
2025-05-30 16:34:56,245 | INFO | Using class 'accuracy' from current module: type, module name: metrics.build
2025-05-30 16:34:56,245 | INFO | Using class 'precision' from current module: type, module name: metrics.build
2025-05-30 16:34:56,246 | INFO | Using class 'recall' from current module: type, module name: metrics.build
2025-05-30 16:34:56,246 | INFO | Using class 'f1' from current module: type, module name: metrics.build
2025-05-30 16:35:11,616 | INFO | Using mnist train set from current module: MNISTDataset, module name: data.build
2025-05-30 16:35:24,333 | INFO | Using mnist val set from current module: MNISTDataset, module name: data.build
2025-05-30 16:35:24,341 | INFO | Using mnist test set from current module: MNISTDataset, module name: data.build
2025-05-30 16:35:24,345 | INFO | Model lowrank_model built with 5258 parameters.
2025-05-30 16:35:24,345 | INFO | Num params:		 5258
2025-05-30 16:35:24,346 | INFO | Num trainable params:	 5258
2025-05-30 16:35:24,347 | INFO | Starting training for 10 epochs.
2025-05-30 16:36:29,519 | INFO | Using class 'ce' from current module: type, module name: losses.build
2025-05-30 16:36:29,522 | INFO | Using class 'focal_loss' from current module: ABCMeta, module name: losses.build
2025-05-30 16:36:29,522 | INFO | Using class 'accuracy' from current module: type, module name: metrics.build
2025-05-30 16:36:29,522 | INFO | Using class 'precision' from current module: type, module name: metrics.build
2025-05-30 16:36:29,523 | INFO | Using class 'recall' from current module: type, module name: metrics.build
2025-05-30 16:36:29,523 | INFO | Using class 'f1' from current module: type, module name: metrics.build
2025-05-30 16:36:41,415 | INFO | Using mnist train set from current module: MNISTDataset, module name: data.build
2025-05-30 16:36:53,104 | INFO | Using mnist val set from current module: MNISTDataset, module name: data.build
2025-05-30 16:36:53,112 | INFO | Using mnist test set from current module: MNISTDataset, module name: data.build
2025-05-30 16:36:53,115 | INFO | Model lowrank_model built with 5258 parameters.
2025-05-30 16:36:53,115 | INFO | Num params:		 5258
2025-05-30 16:36:53,115 | INFO | Num trainable params:	 5258
2025-05-30 16:36:53,117 | INFO | Starting training for 10 epochs.
2025-05-30 16:40:30,579 | INFO | Using class 'ce' from current module: type, module name: losses.build
2025-05-30 16:40:30,581 | INFO | Using class 'focal_loss' from current module: ABCMeta, module name: losses.build
2025-05-30 16:40:30,581 | INFO | Using class 'accuracy' from current module: type, module name: metrics.build
2025-05-30 16:40:30,582 | INFO | Using class 'precision' from current module: type, module name: metrics.build
2025-05-30 16:40:30,582 | INFO | Using class 'recall' from current module: type, module name: metrics.build
2025-05-30 16:40:30,582 | INFO | Using class 'f1' from current module: type, module name: metrics.build
2025-05-30 16:40:43,064 | INFO | Using mnist train set from current module: MNISTDataset, module name: data.build
2025-05-30 16:40:55,703 | INFO | Using mnist val set from current module: MNISTDataset, module name: data.build
2025-05-30 16:40:55,711 | INFO | Using mnist test set from current module: MNISTDataset, module name: data.build
2025-05-30 16:40:55,715 | INFO | Model lowrank_model built with 5258 parameters.
2025-05-30 16:40:55,716 | INFO | Num params:		 5258
2025-05-30 16:40:55,716 | INFO | Num trainable params:	 5258
2025-05-30 16:40:55,717 | INFO | Starting training for 10 epochs.
2025-05-30 16:41:30,275 | INFO | Using class 'ce' from current module: type, module name: losses.build
2025-05-30 16:41:30,278 | INFO | Using class 'focal_loss' from current module: ABCMeta, module name: losses.build
2025-05-30 16:41:30,279 | INFO | Using class 'accuracy' from current module: type, module name: metrics.build
2025-05-30 16:41:30,280 | INFO | Using class 'precision' from current module: type, module name: metrics.build
2025-05-30 16:41:30,280 | INFO | Using class 'recall' from current module: type, module name: metrics.build
2025-05-30 16:41:30,281 | INFO | Using class 'f1' from current module: type, module name: metrics.build
2025-05-30 16:41:45,580 | INFO | Using mnist train set from current module: MNISTDataset, module name: data.build
2025-05-30 16:42:03,987 | INFO | Using mnist val set from current module: MNISTDataset, module name: data.build
2025-05-30 16:42:04,002 | INFO | Using mnist test set from current module: MNISTDataset, module name: data.build
2025-05-30 16:42:04,008 | INFO | Model lowrank_model built with 5258 parameters.
2025-05-30 16:42:04,009 | INFO | Num params:		 5258
2025-05-30 16:42:04,009 | INFO | Num trainable params:	 5258
2025-05-30 16:42:04,012 | INFO | Starting training for 10 epochs.
